[Item Spawns] ; 1052 entries
Base.AlarmClock2 = 6
Base.AlcoholWipes = 9
Base.Allsorts = 1
Base.Aluminum = 3
Base.AnimalFeedBag = 2
Base.Apple = 2
Base.Apron_Black = 1
Base.Apron_White = 6
Base.AthleticCup = 1
Base.BBQSauce = 2
Base.BF_SpiffoLite = 1
Base.Bacon = 9
Base.Bag_FannyPackFront = 3
Base.Bag_FluteCase = 1
Base.Bag_FoodSnacks = 1
Base.Bag_GardenBasket = 2
Base.Bag_GolfBag = 5
Base.Bag_Mail = 17
Base.Bag_NormalHikingBag = 1
Base.Bag_Satchel = 2
Base.Bag_SaxophoneCase = 1
Base.Bag_Schoolbag_Kids = 1
Base.Bag_TrashBag = 33
Base.BagelPlain = 1
Base.Baguette = 1
Base.BakingPan = 8
Base.BakingSoda = 2
Base.BakingTray = 13
Base.BallPeenHammer = 3
Base.Baloney = 7
Base.Banana = 3
Base.Bandage = 12
Base.BandageDirty = 4
Base.Bandaid = 14
Base.BarBell = 1
Base.BarbedWire = 2
Base.Baseball = 6
Base.BaseballBat = 8
Base.BaseballBat_Metal = 5
Base.BastingBrush = 7
Base.BathTowel = 22
Base.Battery = 13
Base.BeefJerky = 2
Base.BeerBottle = 22
Base.BeerCan = 17
Base.BeerCanEmpty = 14
Base.BeerCanPack = 3
Base.BeerEmpty = 3
Base.BeerImported = 4
Base.BeerPack = 1
Base.BellPepperBagSeed = 1
Base.Bellows = 1
Base.Belt2 = 2
Base.Bikini_TINT = 1
Base.Birdie = 4
Base.Blackbeans = 1
Base.Bleach = 6
Base.BlowTorch = 8
Base.BlowerFan = 1
Base.BluePen = 26
Base.Bobber = 3
Base.Boilersuit = 1
Base.BoltCutters = 5
Base.BoobTubeSmall = 3
Base.Book = 12
Base.BookButchering1 = 1
Base.BookCooking1 = 1
Base.BookElectrician1 = 1
Base.BookElectrician2 = 1
Base.BookFarming1 = 1
Base.BookFarming3 = 1
Base.BookFirstAid1 = 1
Base.BookHusbandry1 = 3
Base.BookHusbandry2 = 1
Base.BookHusbandry3 = 2
Base.BookMaintenance1 = 3
Base.BookMechanic1 = 1
Base.BookMechanic2 = 1
Base.BookMechanic4 = 3
Base.BookTailoring2 = 1
Base.Book_Business = 1
Base.Book_Childs = 1
Base.Book_Fiction = 1
Base.Book_GeneralNonFiction = 4
Base.Book_Golf = 2
Base.Book_Music = 1
Base.Book_Rich = 1
Base.Book_SciFi = 1
Base.BottleOpener = 8
Base.BottleOpener_Keychain = 3
Base.BouillonCube = 4
Base.Bowl = 17
Base.BoxOfJars = 1
Base.Boxers_RedStripes = 3
Base.Boxers_White = 2
Base.Bra_Strapless_AnimalPrint = 3
Base.Bra_Strapless_Black = 3
Base.Bra_Strapless_FrillyPink = 1
Base.Bra_Strapless_RedSpots = 2
Base.Bra_Strapless_White = 1
Base.Bra_Straps_AnimalPrint = 3
Base.Bra_Straps_Black = 3
Base.Bra_Straps_FrillyPink = 1
Base.Bra_Straps_White = 3
Base.BrassScrap = 1
Base.Bread = 2
Base.BreadDough = 5
Base.BreadKnife = 8
Base.Bricktoys = 2
Base.Briefcase = 1
Base.Briefs_AnimalPrints = 1
Base.Briefs_SmallTrunks_WhiteTINT = 1
Base.Briefs_White = 5
Base.Broccoli = 2
Base.Brochure = 62
Base.BrokenGlass = 1
Base.Broom = 1
Base.Bucket = 5
Base.BucketEmpty = 2
Base.Buckle = 2
Base.BunsHamburger = 2
Base.BunsHotdog = 2
Base.Burger = 3
Base.BurlapPiece = 2
Base.BusinessCard = 2
Base.Butter = 1
Base.ButterKnife = 7
Base.Button = 4
Base.CDplayer = 13
Base.Cabbage = 2
Base.CakeBatter = 2
Base.CakeCarrot = 1
Base.CakeChocolate = 1
Base.CakeSlice = 2
Base.CakeStrawberryShortcake = 1
Base.Calculator = 4
Base.Calipers = 1
Base.Camera = 6
Base.CameraDisposable = 21
Base.CameraExpensive = 4
Base.CameraFilm = 47
Base.Candle = 4
Base.CandyCaramels = 2
Base.CandyFruitSlices = 1
Base.CandyGummyfish = 2
Base.CannedBolognese_Box = 1
Base.CannedCarrots2 = 3
Base.CannedCorn = 1
Base.CannedCornOpen = 1
Base.CannedCornedBeef = 1
Base.CannedEggplant = 1
Base.CannedFruitCocktail = 1
Base.CannedMilk = 2
Base.CannedMilkOpen = 1
Base.CannedPeaches = 2
Base.CannedPeas = 3
Base.CannedPineapple = 1
Base.CannedPotatoOpen = 1
Base.CannedSardines = 2
Base.CannedTomato2 = 2
Base.CanoePadel = 5
Base.CanoePadelX2 = 1
Base.CarBattery2 = 1
Base.CarKey = 23
Base.CardDeck = 1
Base.Card_Sympathy = 4
Base.CarpentryChisel = 3
Base.CarrotBagSeed2 = 1
Base.Carrots = 2
Base.CarvingFork2 = 1
Base.Cashbox = 1
Base.CatFoodBag = 2
Base.CatToy = 2
Base.CatTreats = 1
Base.Catalog = 10
Base.Cauliflower = 2
Base.CauliflowerBagSeed = 4
Base.Cereal = 3
Base.Charcoal = 1
Base.CheckerBoard = 1
Base.Cheese = 5
Base.CheeseCloth = 2
Base.CheeseGrater = 7
Base.Cherry = 2
Base.ChessBlack = 2
Base.Chicken = 8
Base.ChocoCakes = 1
Base.Chocolate = 6
Base.ChocolateChips = 2
Base.Chocolate_Deux = 1
Base.Chocolate_RoysPBPucks = 2
Base.Chocolate_Smirkers = 1
Base.Cider = 2
Base.Cigar = 1
Base.CigarettePack = 9
Base.Cigarillo = 4
Base.CilantroBagSeed = 2
Base.Cinnamon = 3
Base.CinnamonRoll = 2
Base.CircularSawblade = 1
Base.ClayBrick = 3
Base.CleaningLiquid2 = 2
Base.Clipboard = 7
Base.ClosedUmbrellaTINTED = 1
Base.ClubHammer = 2
Base.Cockroach = 6
Base.CocoaPowder = 3
Base.Coffee2 = 1
Base.CoffeeLiquer = 2
Base.Coldpack = 2
Base.Cologne = 9
Base.Comb = 10
Base.ComicBook = 6
Base.ComicBook_Retail = 30
Base.CompostBag = 1
Base.ConcretePowder = 1
Base.CookieChocolateChip = 1
Base.CookiesChocolate = 1
Base.CookiesOatmeal = 4
Base.CookingMag1 = 1
Base.CookingMag2 = 1
Base.CookingMag3 = 1
Base.CookingMag4 = 3
Base.CookingMag5 = 4
Base.Cooler_Beer = 2
Base.Cooler_Soda = 1
Base.CopperScrap = 2
Base.Corkscrew = 6
Base.Corn = 5
Base.CornBagSeed = 5
Base.CornFrozen = 1
Base.Corndog = 2
Base.CottonBalls = 1
Base.Crackers = 7
Base.Creamocle = 2
Base.CreditCard = 9
Base.Crisps = 1
Base.Crisps2 = 1
Base.Crisps3 = 4
Base.Crisps4 = 3
Base.CrispyRiceSquare = 1
Base.Crowbar = 3
Base.Cube = 4
Base.Cucumber = 1
Base.Cupcake = 3
Base.Curacao = 2
Base.CuttingBoardPlastic = 8
Base.CuttingBoardWooden = 3
Base.Danish = 3
Base.DeadMouse = 3
Base.DeadRat = 1
Base.DehydratedMeatStick = 7
Base.DentedCan = 1
Base.Diary1 = 1
Base.Diary2 = 1
Base.Dice = 1
Base.Dip_NachoCheese = 2
Base.Dip_Ranch = 1
Base.Dip_Salsa = 2
Base.Dirtbag = 2
Base.Disc_Retail = 18
Base.DishCloth = 24
Base.Disinfectant = 1
Base.DogChew = 1
Base.DogFoodBag = 1
Base.Dogfood = 1
Base.DogfoodOpen = 1
Base.Doily = 4
Base.Doll = 1
Base.Doodle = 11
Base.DoubleBarrelShotgun = 1
Base.DoughnutChocolate = 3
Base.DoughnutFrosted = 6
Base.DoughnutJelly = 2
Base.DoughnutPlain = 4
Base.DrawPlate = 1
Base.Dress_Knees = 2
Base.Dress_SmallStraps = 1
Base.DriedBlackBeans = 1
Base.DriedChickpeas = 2
Base.DriedKidneyBeans = 1
Base.DriedLentils = 1
Base.DriedWhiteBeans = 1
Base.DrinkingGlass = 11
Base.Drumstick = 7
Base.DryFirestarterBlock = 1
Base.DuctTape = 11
Base.DumbBell = 5
Base.Earbuds = 5
Base.EggBoiled = 1
Base.EggCarton = 1
Base.Eggplant = 1
Base.ElbowPad_Left_Workman = 1
Base.ElbowPad_Right_Workman = 1
Base.ElectricWire = 8
Base.ElectronicsMag1 = 1
Base.ElectronicsMag2 = 1
Base.ElectronicsMag3 = 4
Base.ElectronicsMag4 = 5
Base.ElectronicsMag5 = 1
Base.ElectronicsScrap = 5
Base.EmptyJar = 5
Base.EmptySandbag = 3
Base.EngineParts = 2
Base.EngineerMagazine1 = 1
Base.Epoxy = 1
Base.Eraser = 7
Base.FarmingMag1 = 3
Base.FarmingMag2 = 3
Base.FarmingMag3 = 1
Base.FarmingMag4 = 1
Base.FarmingMag5 = 3
Base.FarmingMag6 = 1
Base.FarmingMag7 = 1
Base.FarmingMag8 = 4
Base.FiberglassTape = 2
Base.FieldHockeyStick = 2
Base.File = 3
Base.Firecracker = 1
Base.FirstAidKit = 2
Base.FishRoe = 1
Base.FishingHook = 1
Base.FishingMag1 = 3
Base.FishingMag2 = 1
Base.FlashLight_AngleHead = 1
Base.Flask = 1
Base.FlaxBagSeed = 1
Base.Fleshing_Tool = 5
Base.Flier = 85
Base.Flour2 = 9
Base.Flute = 1
Base.Football = 4
Base.Football_Jersey_White = 1
Base.Fork = 9
Base.FountainCup = 11
Base.Fries = 1
Base.FrillyUnderpants_Black = 2
Base.FrillyUnderpants_Pink = 2
Base.FrillyUnderpants_Red = 1
Base.FrogMeat = 1
Base.Frozen_ChickenNuggets = 1
Base.Frozen_FrenchFries = 1
Base.Funnel = 9
Base.GamePieceRed = 1
Base.GamePieceWhite = 1
Base.Garbagebag = 3
Base.GardenFork = 1
Base.GardenHoe = 2
Base.GardenSaw = 4
Base.Garlic = 1
Base.GenericMail = 6
Base.Gin = 12
Base.Gingerbreadman = 1
Base.GlassTumbler = 7
Base.GlassWine = 5
Base.Glasses = 1
Base.Glasses_Aviators = 1
Base.Glasses_CatsEye_Sun = 2
Base.Glasses_Reading = 2
Base.Glasses_Round_Shades = 1
Base.Glasses_SafetyGoggles = 4
Base.Glasses_SkiGoggles = 1
Base.Glasses_Sun = 2
Base.Glasses_SwimmingGoggles = 1
Base.GlassmakingMag1 = 1
Base.GlassmakingMag2 = 1
Base.GlassmakingMag3 = 2
Base.Gloves_BoxingBlue = 5
Base.Gloves_BoxingRed = 6
Base.Gloves_Dish = 4
Base.Gloves_FingerlessGloves = 1
Base.Gloves_IceHockeyGloves = 1
Base.Gloves_LeatherGloves = 5
Base.Gloves_Surgical = 2
Base.Gloves_WhiteTINT = 5
Base.Glue = 1
Base.GolfBall = 32
Base.GolfTee = 34
Base.Golfclub = 25
Base.GrahamCrackers = 2
Base.GranolaBar = 8
Base.Grapefruit = 4
Base.GraphPaper = 5
Base.Gravelbag = 3
Base.GravyMix = 1
Base.GreenPen = 6
Base.Greenpeas = 1
Base.GreenpeasBagSeed = 2
Base.Grenadine = 2
Base.GridlePan = 4
Base.GrillBrush = 5
Base.Guacamole = 1
Base.GuitarElectricNeck_Broken = 1
Base.Gum = 19
Base.GummyBears = 1
Base.GummyWorms = 1
Base.HairDryer = 6
Base.HairDyeCommon = 5
Base.HairIron = 4
Base.Hairgel = 3
Base.Hairspray2 = 8
Base.Ham = 7
Base.Hammer = 10
Base.HandAxe = 1
Base.HandDrill = 3
Base.HandFork = 2
Base.HandShovel = 4
Base.HandTorch = 9
Base.Handle = 2
Base.HardCandies = 1
Base.Hat_BalaclavaFull = 1
Base.Hat_BaseballCapBlue = 1
Base.Hat_BaseballCapGreen = 1
Base.Hat_BaseballCap_WestMapleCountryClub = 2
Base.Hat_BaseballHelmet = 2
Base.Hat_Beret = 1
Base.Hat_BoxingBlue = 3
Base.Hat_BoxingRed = 6
Base.Hat_BuildersRespirator = 2
Base.Hat_ChefHat = 3
Base.Hat_DustMask = 10
Base.Hat_EarMuff_Protectors = 6
Base.Hat_FootballHelmet = 5
Base.Hat_GolfHatTINT = 2
Base.Hat_HockeyHelmet = 4
Base.Hat_HockeyMask = 1
Base.Hat_ShowerCap = 3
Base.Hat_SummerHat = 1
Base.Hat_Sweatband = 3
Base.Hat_VisorBlack = 1
Base.Hat_VisorRed = 1
Base.Hat_Visor_WhiteTINT = 1
Base.Headphones = 2
Base.HeavyChain = 1
Base.HerbalistMag = 3
Base.Hinge = 1
Base.HolePuncher = 2
Base.Honey = 1
Base.HoodieDOWN_WhiteTINT = 15
Base.HotdogPack = 1
Base.Hotsauce = 3
Base.HottieZ = 1
Base.HuntingKnife = 1
Base.HuntingMag1 = 5
Base.HuntingMag2 = 4
Base.HuntingMag3 = 2
Base.IDcard_Female = 1
Base.IceHockeyNeckGuard = 2
Base.IceHockeyStick = 3
Base.Ice_Hockey_Jersey_Black = 1
Base.Ice_Hockey_Jersey_BlueUni = 1
Base.Icecream = 1
Base.Icing = 1
Base.IndexCard = 51
Base.IndustrialDye = 2
Base.IronBarQuarter = 2
Base.IronPiece = 2
Base.Jack = 2
Base.JacketLong_Random = 1
Base.Jacket_Shellsuit_Blue = 2
Base.Jacket_Shellsuit_Pink = 1
Base.Jacket_Shellsuit_TINT = 1
Base.Jacket_Shellsuit_Teal = 1
Base.Jacket_WhiteTINT = 3
Base.JamFruit = 5
Base.JamMarmalade = 1
Base.JarLid = 3
Base.JellyRoll = 1
Base.JigLure = 1
Base.JuiceBox = 1
Base.JuiceBoxApple = 2
Base.JuiceBoxOrange = 1
Base.Jujubes = 1
Base.Jumper_DiamondPatternTINT = 9
Base.Jumper_PoloNeck = 6
Base.Jumper_RoundNeck = 18
Base.Jumper_TankTopTINT = 1
Base.Jumper_VNeck = 2
Base.KaleBagSeed = 1
Base.Kettle = 8
Base.Kettle_Copper = 1
Base.Key1 = 90
Base.KeyRing = 7
Base.Keytar = 1
Base.KitchenKnife = 8
Base.KitchenTongs = 12
Base.Kneepad_Left_Sport = 4
Base.Kneepad_Left_TINT = 2
Base.Kneepad_Left_Workman = 11
Base.Kneepad_Right_Sport = 4
Base.Kneepad_Right_TINT = 2
Base.Kneepad_Right_Workman = 11
Base.KnifeFillet = 4
Base.KnifeParing = 6
Base.KnifePocket = 3
Base.KnittingMag1 = 3
Base.KnittingMag2 = 2
Base.LaCrosseStick = 7
Base.Ladle = 17
Base.Lantern_Propane = 1
Base.Lard = 1
Base.LargeHook = 17
Base.LargeKnife = 1
Base.LeafRake = 5
Base.Leash = 1
Base.LeekBagSeed = 2
Base.Lemon = 2
Base.LemonBar = 1
Base.LetterHandwritten = 57
Base.Lettuce = 1
Base.LicoriceBlack = 1
Base.LicoriceRed = 2
Base.LightBulb = 8
Base.LighterBBQ = 1
Base.LighterDisposable = 6
Base.Lipstick = 11
Base.Locket = 2
Base.Lollipop = 1
Base.LongCoat_Bathrobe = 4
Base.LongHandle = 1
Base.LongJohns_Bottoms = 1
Base.LongStick = 2
Base.LouisvilleMap1 = 1
Base.LugWrench = 9
Base.Lunchbox = 1
Base.Macaroni = 1
Base.Magazine = 17
Base.MagazineCrossword = 9
Base.MagazineWordsearch = 15
Base.Magazine_Art_New = 3
Base.Magazine_Business = 1
Base.Magazine_Business_New = 1
Base.Magazine_Car = 2
Base.Magazine_Car_New = 1
Base.Magazine_Childs = 1
Base.Magazine_Childs_New = 1
Base.Magazine_Cinema = 2
Base.Magazine_Cinema_New = 25
Base.Magazine_Crime_New = 1
Base.Magazine_Fashion = 1
Base.Magazine_Fashion_New = 1
Base.Magazine_Firearm_New = 3
Base.Magazine_Golf_New = 2
Base.Magazine_Health = 2
Base.Magazine_Health_New = 5
Base.Magazine_Hobby_New = 3
Base.Magazine_Horror_New = 3
Base.Magazine_Humor = 1
Base.Magazine_Humor_New = 4
Base.Magazine_Music_New = 3
Base.Magazine_New = 25
Base.Magazine_Popular = 30
Base.Magazine_Rich = 9
Base.Magazine_Rich_New = 1
Base.Magazine_Science_New = 2
Base.Magazine_Sports = 2
Base.Magazine_Sports_New = 1
Base.Magazine_Teens = 1
Base.Maggots = 7
Base.MagnesiumFirestarter = 1
Base.MagnifyingGlass = 1
Base.MakeupEyeshadow = 11
Base.MakeupFoundation = 7
Base.MapleSyrup = 4
Base.MarchRidgeMap = 1
Base.Margarine = 2
Base.Marinara = 3
Base.MarkerBlack = 2
Base.MarkerBlue = 1
Base.MasonsChisel = 1
Base.Matches = 26
Base.MayonnaiseFull = 1
Base.MeasuringTape = 8
Base.MeatPatty = 5
Base.MechanicMag1 = 2
Base.MechanicMag2 = 4
Base.MenuCard = 13
Base.MetalBar = 3
Base.MetalPipe = 1
Base.MetalworkMag1 = 2
Base.MetalworkMag2 = 3
Base.MetalworkMag3 = 1
Base.MetalworkingChisel = 3
Base.MetalworkingPunch = 6
Base.Microphone = 1
Base.Milk = 11
Base.MilkChocolate_Personalsized = 2
Base.MincedMeat = 14
Base.MintBagSeed = 1
Base.Mirror = 14
Base.MixedVegetables = 1
Base.ModernBrake1 = 1
Base.ModernTire2 = 1
Base.Modjeska = 1
Base.Money = 104
Base.MortarPestle = 1
Base.Mov_BlueComfyChair = 1
Base.Mov_CardboardBox = 3
Base.Mov_ChestFreezer = 1
Base.Mov_CoffeeMaker = 2
Base.Mov_DarkIndustrialSink = 5
Base.Mov_FancyToilet = 2
Base.Mov_FridgeMini = 2
Base.Mov_GreenChair = 2
Base.Mov_LightRoundTable = 1
Base.Mov_Microwave = 1
Base.Mov_Microwave2 = 4
Base.Mov_PalletEmpty = 1
Base.Mov_RedBBQ = 2
Base.Mov_RedOven = 1
Base.Mov_RoadBarrier = 1
Base.Mov_SatelliteDish = 2
Base.Mov_Toaster = 5
Base.Mov_WhiteSink = 4
Base.MuffinFruit = 1
Base.MuffinGeneric = 2
Base.MuffinTray = 19
Base.MugWhite = 6
Base.Mugl = 4
Base.MuldraughMap = 2
Base.Mussels = 1
Base.Mustard = 2
Base.MuttonChop = 3
Base.MysteryCan = 1
Base.Nails = 1
Base.NailsBox = 2
Base.Needle = 16
Base.Newspaper = 8
Base.Newspaper_New = 13
Base.Newspaper_Recent = 16
Base.NormalSuspension1 = 1
Base.NormalTire1 = 1
Base.Note = 8
Base.Notebook = 42
Base.Notepad = 30
Base.NutsBolts = 10
Base.OatsRaw = 1
Base.OilVegetable = 3
Base.Onion = 1
Base.OnionBagSeed = 1
Base.Orange = 2
Base.OreganoBagSeed = 3
Base.OvenMitt = 5
Base.Oxygen_Tank = 1
Base.Oysters = 1
Base.P38 = 1
Base.PaintBlack = 1
Base.PaintBlue = 1
Base.PaintBrown = 2
Base.PaintCyan = 1
Base.PaintGreen = 1
Base.PaintGrey = 1
Base.PaintLightBlue = 2
Base.PaintOrange = 2
Base.PaintPurple = 1
Base.PaintRed = 2
Base.PaintTurquoise = 1
Base.Paintbrush = 1
Base.PaintbucketEmpty = 2
Base.Pan = 8
Base.PancakeMix = 5
Base.PanchoDog = 1
Base.PaperBag = 10
Base.PaperNapkins2 = 22
Base.Paperback = 32
Base.Paperback_AdventureNonFiction = 7
Base.Paperback_Business = 2
Base.Paperback_Childs = 1
Base.Paperback_CrimeFiction = 1
Base.Paperback_Fantasy = 1
Base.Paperback_Fiction = 7
Base.Paperback_Golf = 1
Base.Paperback_Music = 1
Base.Paperback_Relationship = 1
Base.Paperback_Romance = 2
Base.Paperback_SadNonFiction = 2
Base.Paperback_SciFi = 1
Base.Paperback_Thriller = 1
Base.Paperbag_Spiffos = 1
Base.Paperclip = 14
Base.Paperwork = 289
Base.Parcel_ExtraLarge = 3
Base.Parcel_ExtraSmall = 15
Base.Parcel_Large = 10
Base.Parcel_Medium = 16
Base.Parcel_Small = 11
Base.ParkingTicket = 2
Base.ParsleyBagSeed = 1
Base.Pasta = 2
Base.Peach = 2
Base.PeanutButter = 3
Base.Peanuts = 3
Base.Pear = 1
Base.Pen = 24
Base.PenFancy = 2
Base.Pencil = 48
Base.PencilSpiffo = 1
Base.Pepper = 7
Base.Peppermint = 2
Base.Perfume = 9
Base.PetrolCan = 3
Base.Phonebook = 5
Base.Photo = 64
Base.PhotoAlbum = 9
Base.PhotoBook = 6
Base.Photo_Secret = 1
Base.Photo_VeryOld = 1
Base.Pickles = 1
Base.Pie = 1
Base.PieApple = 1
Base.PieBlueberry = 1
Base.PieDough = 1
Base.Pillow = 10
Base.Pills = 6
Base.PillsAntiDep = 1
Base.PillsSleepingTablets = 4
Base.PillsVitamins = 1
Base.PipeWrench = 4
Base.PizzaCutter = 11
Base.Plank = 13
Base.PlasterPowder = 4
Base.PlasterTrowel = 4
Base.PlasticCup = 10
Base.PlasticTray = 1
Base.Plasticbag = 207
Base.Plasticbag_Bags = 9
Base.Plate = 20
Base.Pliers = 7
Base.Plunger = 3
Base.Pocketwatch = 3
Base.Pop = 7
Base.Pop2 = 10
Base.Pop2Empty = 14
Base.Pop3 = 4
Base.Pop3Empty = 11
Base.PopBottle = 7
Base.PopEmpty = 11
Base.PoppyBagSeed = 1
Base.PorkChop = 10
Base.PorkRinds = 1
Base.Port = 5
Base.Postcard = 6
Base.Pot = 5
Base.PotForged = 1
Base.Potato = 4
Base.PowderedGarlic = 2
Base.PowderedOnion = 2
Base.PowerBar = 9
Base.Pretzel = 1
Base.Processedcheese = 5
Base.Propane_Refill = 3
Base.PumpkinBagSeed = 1
Base.Purse = 3
Base.QuaggaCakes = 2
Base.RadioBlack = 1
Base.RadioRed = 1
Base.Rake = 5
Base.Ramen = 2
Base.Ratchet = 6
Base.Razor = 3
Base.RearWindshield3 = 2
Base.Receipt = 42
Base.RecipeClipping = 1
Base.RedPen = 21
Base.Remote = 6
Base.RespiratorFilters = 1
Base.Revolver_Short = 1
Base.RicePaper = 1
Base.RiceVinegar = 2
Base.RippedSheets = 1
Base.RippedSheetsDirty = 8
Base.RoastingPan = 8
Base.RollingPin = 12
Base.Rope = 16
Base.RosewoodMap = 1
Base.RubberBand = 20
Base.RubberHose = 16
Base.Rum = 4
Base.RyeBagSeed = 1
Base.Salami = 8
Base.Salmon = 4
Base.Salt = 5
Base.Saucepan = 5
Base.SaucepanCopper = 1
Base.Sausage = 9
Base.Saw = 2
Base.Saxophone = 3
Base.Scalpel = 4
Base.Scarf_StripeRedWhite = 1
Base.Scissors = 4
Base.ScissorsBlunt = 2
Base.Scotchtape = 21
Base.ScrapMetal = 2
Base.ScratchTicket = 2
Base.ScratchTicket_Loser = 1
Base.Screwdriver = 16
Base.Screws = 3
Base.ScrewsBox = 4
Base.Scythe = 2
Base.SeasoningSalt = 5
Base.Seasoning_Oregano = 1
Base.SeedBag_Farming = 4
Base.SewingKit = 3
Base.Sheet = 15
Base.SheetMetal = 4
Base.SheetMetalSnips = 3
Base.SheetPaper2 = 203
Base.Sherry = 2
Base.Shirt_Baseball_KY = 4
Base.Shirt_Baseball_Rangers = 6
Base.Shirt_Baseball_Z = 4
Base.Shirt_Denim = 3
Base.Shirt_FormalTINT = 1
Base.Shirt_FormalWhite = 1
Base.Shirt_Lumberjack = 8
Base.Shirt_Lumberjack_TINT = 2
Base.Shoes_ArmyBoots = 1
Base.Shoes_Black = 1
Base.Shoes_BlueTrainers = 2
Base.Shoes_Brown = 1
Base.Shoes_FlipFlop = 2
Base.Shoes_HikingBoots = 1
Base.Shoes_Random = 2
Base.Shoes_RedTrainers = 3
Base.Shoes_RidingBoots = 1
Base.Shoes_Sandals = 3
Base.Shoes_Strapped = 1
Base.Shoes_TrainerTINT = 16
Base.Shoes_WorkBoots = 1
Base.Shorts_BoxingBlue = 1
Base.Shorts_LongDenim = 2
Base.Shorts_LongSport = 7
Base.Shorts_ShortDenim = 4
Base.Shorts_ShortSport = 3
Base.Shoulderpads_Football = 1
Base.Shovel2 = 2
Base.Shrimp = 2
Base.SleepingBag_BluePlaid_Packed = 1
Base.SleepingBag_Camo_Packed = 1
Base.SleepingBag_Cheap_Blue_Packed = 1
Base.SleepingBag_Cheap_Green2_Packed = 1
Base.SlugRepellent = 3
Base.SmallFileSet = 2
Base.SmallHandle = 1
Base.SmallSaw = 2
Base.SmallSheetMetal = 3
Base.SmashedBottle = 1
Base.SmithingMag1 = 1
Base.SmithingMag11 = 2
Base.SmithingMag6 = 2
Base.SmithingMag9 = 2
Base.SnoGlobes = 1
Base.Soap2 = 8
Base.Socks_Ankle = 3
Base.Socks_Ankle_Black = 3
Base.Socks_Ankle_White = 3
Base.Socks_Heavy = 2
Base.Socks_Long = 6
Base.Socks_Long_Black = 2
Base.Socks_Long_White = 7
Base.SodaCan = 3
Base.Solvent = 2
Base.SourCream = 1
Base.Sparklers = 2
Base.Spatula = 13
Base.Specimen_Insects = 1
Base.SpeedingTicket = 2
Base.SpinachBagSeed = 1
Base.Sponge = 6
Base.Spoon = 20
Base.Sportsbottle = 4
Base.Squash = 3
Base.Stake = 1
Base.Stapler = 5
Base.Staples = 4
Base.Steak = 5
Base.SteelBar = 1
Base.SteelBarHalf = 1
Base.SteelBarQuarter = 3
Base.SteelPiece = 3
Base.SteelWool = 8
Base.StockCertificate = 1
Base.StockingsBlack = 1
Base.StockingsBlackSemiTrans = 2
Base.StockingsBlackTrans = 1
Base.Strainer = 13
Base.Straw2 = 21
Base.Strewberrie = 3
Base.Sugar = 4
Base.SugarBrown = 2
Base.SugarCubes = 4
Base.SugarPacket = 2
Base.Suit_Jacket = 4
Base.Suitcase = 5
Base.SunflowerBagSeed = 1
Base.SunflowerSeeds = 3
Base.SushiEgg = 1
Base.SutureNeedle = 3
Base.SweetPotatoBagSeed = 1
Base.SwimTrunks_Green = 1
Base.Swimsuit_TINT = 1
Base.TVDinner = 1
Base.TVMagazine = 25
Base.TVMagazine_New = 12
Base.Tacklebox = 1
Base.Tarp = 6
Base.Teabag2 = 3
Base.Teacup = 3
Base.TennisBall = 5
Base.TennisRacket = 4
Base.TentGreen_Packed = 1
Base.Tequila = 3
Base.Thimble = 5
Base.Thread = 13
Base.ThymeBagSeed = 2
Base.TightsBlackSemiTrans = 1
Base.TightsBlackTrans = 1
Base.TinCanEmpty = 33
Base.TinOpener = 18
Base.TinnedBeans = 2
Base.TinnedSoup_Box = 1
Base.TireIron = 3
Base.TirePump = 3
Base.Tissue = 32
Base.TissueBox = 8
Base.TobaccoBagSeed = 3
Base.TobaccoChewing = 1
Base.ToiletBrush = 2
Base.ToiletPaper = 17
Base.Tomato = 2
Base.Tongs = 1
Base.Toolbox = 2
Base.Toolbox_Gardening = 1
Base.Toothbrush = 11
Base.Toothpaste = 8
Base.Torch1 = 1
Base.TortillaChips = 2
Base.Tote = 8
Base.Tote_Bags = 2
Base.ToyBear = 1
Base.ToyCar = 1
Base.ToyPlane = 1
Base.TrophyBronze = 2
Base.TrousersMesh_DenimLight = 5
Base.Trousers_DefaultTEXTURE = 3
Base.Trousers_DefaultTEXTURE_TINT = 1
Base.Trousers_Denim = 2
Base.Trousers_JeanBaggy = 7
Base.Trousers_Padded = 1
Base.Trousers_Shellsuit_Black = 1
Base.Trousers_Shellsuit_Green = 1
Base.Trousers_Shellsuit_Pink = 1
Base.Trousers_Sport = 8
Base.Trousers_Suit = 1
Base.Trousers_SuitTEXTURE = 2
Base.Trousers_SuitWhite = 1
Base.Trousers_WhiteTEXTURE = 1
Base.Trousers_WhiteTINT = 6
Base.Trumpet = 1
Base.Tshirt_DefaultDECAL_TINT = 3
Base.Tshirt_DefaultTEXTURE_TINT = 2
Base.Tshirt_IndieStoneDECAL = 2
Base.Tshirt_PoloStripedTINT = 8
Base.Tshirt_PoloTINT = 2
Base.Tshirt_Sport = 6
Base.Tshirt_SportDECAL = 1
Base.Tshirt_SuperColor = 2
Base.Tshirt_TieDye = 1
Base.Tshirt_WhiteLongSleeveTINT = 4
Base.Tshirt_WhiteTINT = 7
Base.Tsquare = 2
Base.TurnipBagSeed = 1
Base.TvWideScreen = 3
Base.Tweezers = 13
Base.Twine = 15
Base.Underpants_Black = 2
Base.Underpants_White = 1
Base.UnusableMetal = 1
Base.VHS_Home = 3
Base.VHS_Retail = 278
Base.Vermouth = 3
Base.Vest_DefaultTEXTURE = 2
Base.Vest_DefaultTEXTURE_TINT = 11
Base.Vest_HighViz = 1
Base.VideoGame = 1
Base.Vinegar2 = 3
Base.ViseGrips = 4
Base.Vodka = 5
Base.WalkieTalkie1 = 1
Base.WalkieTalkie2 = 7
Base.WalkieTalkie3 = 2
Base.Wallet = 5
Base.Wallet_Female = 1
Base.WallpaperPastePowder = 2
Base.Wallpaper_GreenFloral = 1
Base.WaterBottle = 12
Base.WaterDish = 1
Base.WateredCan = 2
Base.WeldingRods = 4
Base.WheatBagSeed = 1
Base.WheatSeed = 200
Base.WheatSeedSack = 2
Base.WheatSheafDried = 1
Base.Whetstone = 16
Base.Whisk = 16
Base.Whiskey = 11
Base.Whistle = 3
Base.Wine = 8
Base.Wine2 = 19
Base.WineAged = 2
Base.WineBox = 8
Base.WineOpen = 1
Base.WineRed_Boxed = 1
Base.WineScrewtop = 3
Base.Wire = 8
Base.WoodenMallet = 4
Base.WoodenStick2 = 1
Base.Wrench = 7
Base.WristWatch_Left_ClassicBlack = 2
Base.WristWatch_Left_ClassicBrown = 3
Base.WristWatch_Left_DigitalBlack = 3
Base.WristWatch_Left_DigitalDress = 3
Base.WristWatch_Left_DigitalRed = 1
Base.Yarn = 2
Base.Yeast = 8
Base.Yoghurt = 3
Base.Yoyo = 2
Base.Zucchini = 2
VFX.Brownie = 4
VFX.Distribution_BakeryKitchenBakingSauce = 1
VFX.Distribution_BakingFrosting = 4
VFX.Distribution_BakingMix = 1
VFX.Distribution_BeveragesCoffeeCreamer = 2
VFX.Distribution_BeveragesDrinkMix = 1
VFX.Distribution_BeveragesIcedTea = 4
VFX.Distribution_CannedPieFilling = 1
VFX.Distribution_Containers = 9
VFX.Distribution_FluidContainers = 8
VFX.Distribution_FridgeFreshPasta = 5
VFX.Distribution_PantryBaking = 5
VFX.Distribution_PantryCroutons = 4
VFX.Distribution_PantryHerbs = 2
VFX.Distribution_PantrySauce = 2
VFX.Distribution_PantrySeasoning = 1
VFX.Distribution_PantrySoupSachet = 2
VFX.Distribution_RecipeBooks = 10
VFX.Distribution_SnackCups = 1
VFX.Distribution_SnackRiceCakes = 1
VFX.Distribution_SnacksTrailMix = 1
VFX.HeavyCream = 4
VFX.ShelfStableMilk = 3
VFX.SoyMilk = 6

[Container Rolls] ; 138 entries
all/barbecue = 1
all/bin = 12
all/doghouse = 2
all/dumpster = 4
all/postbox = 27
bakery/cashregister = 1
bakery/counter = 5
bakery/displaycasebakery = 4
bakery/grocerstand = 8
bakerykitchen/bin = 1
bakerykitchen/counter = 6
bakerykitchen/fridge = 2
bakerykitchen/stove = 4
bathroom/bin = 2
bathroom/counter = 13
bathroom/medicine = 9
bedroom/dresser = 13
bedroom/sidetable = 8
bedroom/wardrobe = 20
butcher/bin = 1
butcher/cashregister = 1
butcher/counter = 7
butcher/displaycasebutcher = 6
butcher/fridge = 2
camerastore/cashregister = 1
camerastore/counter = 2
camerastore/displaycase = 1
camerastore/shelves = 8
camerastore/shelvesmag = 4
closet/cardboardbox = 6
closet/metal_shelves = 14
clothesstore/cashregister = 1
clothesstore/clothingrack = 18
clothesstore/counter = 4
clothesstore/displaycase = 2
clothesstorestorage/cardboardbox = 6
empty/counter = 4
empty/smallbox = 1
furniturestorage/cardboardbox = 8
furniturestorage/desk = 1
furniturestore/cashregister = 1
furniturestore/counter = 4
garage/bin = 1
garage/cardboardbox = 5
garage/desk = 1
garage/dresser = 1
garage/metal_shelves = 3
garage/smallbox = 1
garage/toolcabinet = 1
garagestorage/metal_shelves = 9
grocery/bin = 1
grocery/grocerstand = 1
grocery/shelves = 5
grocery/shelvesmag = 2
grocerystorage/bin = 1
grocerystorage/crate = 2
grocerystorage/metal_shelves = 2
gym/metal_shelves = 2
hall/counter = 4
hall/fridge = 1
hall/shelves = 4
hall/stove = 1
kidsbedroom/dresser = 3
kitchen/clothingwasher = 1
kitchen/counter = 83
kitchen/fridge = 22
kitchen/microwave = 12
kitchen/shelves = 1
kitchen/stove = 20
laundry/bin = 1
laundry/clothingdryer = 1
laundry/clothingwasher = 1
laundry/metal_shelves = 1
liquorstore/cardboardbox = 11
liquorstore/cashregister = 1
liquorstore/counter = 4
liquorstore/filingcabinet = 1
liquorstore/fridge = 6
liquorstore/metal_shelves = 4
liquorstore/shelves = 15
liquorstore/smallbox = 1
livingroom/bin = 1
livingroom/cardboardbox = 3
livingroom/counter = 6
livingroom/crate = 1
livingroom/dresser = 1
livingroom/freezer = 1
livingroom/fridge = 3
livingroom/shelves = 29
livingroom/sidetable = 9
livingroom/smallbox = 1
livingroom/stove = 2
livingroom/wardrobe = 3
movierental/cashregister = 1
movierental/counter = 2
movierental/filingcabinet = 1
movierental/metal_shelves = 6
movierental/shelves = 45
office/bin = 11
office/cashregister = 1
office/counter = 4
office/desk = 16
office/filingcabinet = 38
office/metal_shelves = 4
office/shelvesmag = 2
officestorage/metal_shelves = 2
photoroom/bin = 1
photoroom/counter = 7
photoroom/shelves = 2
post/bin = 2
poststorage/cardboardbox = 3
poststorage/filingcabinet = 3
poststorage/metal_shelves = 20
poststorage/smallbox = 2
restaurantdining/cashregister = 1
restaurantdining/counter = 1
restaurantkitchen/bin = 1
restaurantkitchen/counter = 9
restaurantkitchen/fridge = 2
restaurantkitchen/stove = 4
sportstorage/cardboardbox = 8
sportstore/cashregister = 1
sportstore/clothingrack = 3
sportstore/counter = 5
sportstore/metal_shelves = 4
sportstore/shelves = 14
storage/bin = 1
storage/cardboardbox = 4
storage/crate = 5
storage/freezer = 1
storage/metal_shelves = 3
storage/smallbox = 2
unknown/GloveBox = 32
unknown/SeatFrontLeft = 32
unknown/SeatFrontRight = 32
unknown/SeatRearLeft = 19
unknown/SeatRearRight = 19
unknown/TruckBed = 32

